-- invalid type for default
-- valid when property is specified
SELECT default_1('{"foo":13}');
 default_1 
-----------
 t
(1 row)

-- still valid when the invalid default is used
SELECT default_1('{}');
 default_1 
-----------
 t
(1 row)

-- invalid string value for default
-- valid when property is specified
SELECT default_2('{"bar":"good"}');
 default_2 
-----------
 t
(1 row)

-- still valid when the invalid default is used
SELECT default_2('{}');
 default_2 
-----------
 t
(1 row)

-- the default keyword does not do anything if the property is missing
-- an explicit property value is checked against maximum (passing)
SELECT default_3('{"alpha":1}');
 default_3 
-----------
 t
(1 row)

-- an explicit property value is checked against maximum (failing)
SELECT default_3('{"alpha":5}');
 default_3 
-----------
 f
(1 row)

-- missing properties are not filled in with the default
SELECT default_3('{}');
 default_3 
-----------
 t
(1 row)

