-- exclusiveMaximum validation
-- below the exclusiveMaximum is valid
SELECT exclusive_maximum_v7_1('2.2');
 exclusive_maximum_v7_1 
------------------------
 t
(1 row)

-- boundary point is invalid
SELECT exclusive_maximum_v7_1('3');
 exclusive_maximum_v7_1 
------------------------
 f
(1 row)

-- above the exclusiveMaximum is invalid
SELECT exclusive_maximum_v7_1('3.5');
 exclusive_maximum_v7_1 
------------------------
 f
(1 row)

-- ignores non-numbers
SELECT exclusive_maximum_v7_1('"x"');
 exclusive_maximum_v7_1 
------------------------
 t
(1 row)

