-- exclusiveMinimum validation
-- above the exclusiveMinimum is valid
SELECT exclusive_minimum_v7_1('1.2');
 exclusive_minimum_v7_1 
------------------------
 t
(1 row)

-- boundary point is invalid
SELECT exclusive_minimum_v7_1('1.1');
 exclusive_minimum_v7_1 
------------------------
 f
(1 row)

-- below the exclusiveMinimum is invalid
SELECT exclusive_minimum_v7_1('0.6');
 exclusive_minimum_v7_1 
------------------------
 f
(1 row)

-- ignores non-numbers
SELECT exclusive_minimum_v7_1('"x"');
 exclusive_minimum_v7_1 
------------------------
 t
(1 row)

