-- a schema given for items
-- valid items
SELECT misc_58('[1,2,3]');
 misc_58 
---------
 t
(1 row)

-- wrong type of items
SELECT misc_58('[1,"x"]');
 misc_58 
---------
 f
(1 row)

-- ignores non-arrays
SELECT misc_58('{"foo":"bar"}');
 misc_58 
---------
 t
(1 row)

-- JavaScript pseudo-array is valid
SELECT misc_58('{"0":"invalid","length":1}');
 misc_58 
---------
 t
(1 row)

-- an array of schemas for items
-- correct types
SELECT items_1('[1,"foo"]');
 items_1 
---------
 t
(1 row)

-- wrong types
SELECT items_1('["foo",1]');
 items_1 
---------
 f
(1 row)

-- incomplete array of items
SELECT items_1('[1]');
 items_1 
---------
 t
(1 row)

-- array with additional items
SELECT items_1('[1,"foo",true]');
 items_1 
---------
 t
(1 row)

-- empty array
SELECT items_1('[]');
 items_1 
---------
 t
(1 row)

-- JavaScript pseudo-array is valid
SELECT items_1('{"0":"invalid","1":"valid","length":2}');
 items_1 
---------
 t
(1 row)

-- items and subitems
-- valid items
SELECT items_2('[[{"foo":null},{"foo":null}],[{"foo":null},{"foo":null}],[{"foo":null},{"foo":null}]]');
 items_2 
---------
 t
(1 row)

-- too many items
SELECT items_2('[[{"foo":null},{"foo":null}],[{"foo":null},{"foo":null}],[{"foo":null},{"foo":null}],[{"foo":null},{"foo":null}]]');
 items_2 
---------
 f
(1 row)

-- too many sub-items
SELECT items_2('[[{"foo":null},{"foo":null},{"foo":null}],[{"foo":null},{"foo":null}],[{"foo":null},{"foo":null}]]');
 items_2 
---------
 f
(1 row)

-- wrong item
SELECT items_2('[{"foo":null},[{"foo":null},{"foo":null}],[{"foo":null},{"foo":null}]]');
 items_2 
---------
 f
(1 row)

-- wrong sub-item
SELECT items_2('[[{},{"foo":null}],[{"foo":null},{"foo":null}],[{"foo":null},{"foo":null}]]');
 items_2 
---------
 f
(1 row)

-- fewer items is valid
SELECT items_2('[[{"foo":null}],[{"foo":null}]]');
 items_2 
---------
 t
(1 row)

-- nested items
-- valid nested array
SELECT items_3('[[[[1]],[[2],[3]]],[[[4],[5],[6]]]]');
 items_3 
---------
 t
(1 row)

-- nested array with invalid type
SELECT items_3('[[[["1"]],[[2],[3]]],[[[4],[5],[6]]]]');
 items_3 
---------
 f
(1 row)

-- not deep enough
SELECT items_3('[[[1],[2],[3]],[[4],[5],[6]]]');
 items_3 
---------
 f
(1 row)

-- items with null instance elements
-- allows null elements
SELECT items_4('[null]');
 items_4 
---------
 t
(1 row)

-- array-form items with null instance elements
-- allows null elements
SELECT items_5('[null]');
 items_5 
---------
 t
(1 row)

