-- maximum validation
-- below the maximum is valid
SELECT misc_37('2.6');
 misc_37 
---------
 t
(1 row)

-- boundary point is valid
SELECT misc_37('3');
 misc_37 
---------
 t
(1 row)

-- above the maximum is invalid
SELECT misc_37('3.5');
 misc_37 
---------
 f
(1 row)

-- ignores non-numbers
SELECT misc_37('"x"');
 misc_37 
---------
 t
(1 row)

-- maximum validation with unsigned integer
-- below the maximum is invalid
SELECT maximum_1('299.97');
 maximum_1 
-----------
 t
(1 row)

-- boundary point integer is valid
SELECT maximum_1('300');
 maximum_1 
-----------
 t
(1 row)

-- boundary point float is valid
SELECT maximum_1('300');
 maximum_1 
-----------
 t
(1 row)

-- above the maximum is invalid
SELECT maximum_1('300.5');
 maximum_1 
-----------
 f
(1 row)

