-- minimum validation
-- above the minimum is valid
SELECT minimum_1('2.6');
 minimum_1 
-----------
 t
(1 row)

-- boundary point is valid
SELECT minimum_1('1.1');
 minimum_1 
-----------
 t
(1 row)

-- below the minimum is invalid
SELECT minimum_1('0.6');
 minimum_1 
-----------
 f
(1 row)

-- ignores non-numbers
SELECT minimum_1('"x"');
 minimum_1 
-----------
 t
(1 row)

-- minimum validation with signed integer
-- negative above the minimum is valid
SELECT minimum_4('-1');
 minimum_4 
-----------
 t
(1 row)

-- positive above the minimum is valid
SELECT minimum_4('0');
 minimum_4 
-----------
 t
(1 row)

-- boundary point is valid
SELECT minimum_4('-2');
 minimum_4 
-----------
 t
(1 row)

-- boundary point with float is valid
SELECT minimum_4('-2');
 minimum_4 
-----------
 t
(1 row)

-- float below the minimum is invalid
SELECT minimum_4('-2.0001');
 minimum_4 
-----------
 f
(1 row)

-- int below the minimum is invalid
SELECT minimum_4('-3');
 minimum_4 
-----------
 f
(1 row)

-- ignores non-numbers
SELECT minimum_4('"x"');
 minimum_4 
-----------
 t
(1 row)

