-- minProperties validation
-- longer is valid
SELECT min_properties_1('{"foo":1,"bar":2}');
 min_properties_1 
------------------
 t
(1 row)

-- exact length is valid
SELECT min_properties_1('{"foo":1}');
 min_properties_1 
------------------
 t
(1 row)

-- too short is invalid
SELECT min_properties_1('{}');
 min_properties_1 
------------------
 f
(1 row)

-- ignores arrays
SELECT min_properties_1('[]');
 min_properties_1 
------------------
 t
(1 row)

-- ignores strings
SELECT min_properties_1('""');
 min_properties_1 
------------------
 t
(1 row)

-- ignores other non-objects
SELECT min_properties_1('12');
 min_properties_1 
------------------
 t
(1 row)

