-- by int
-- int by int
SELECT misc_16('10');
 misc_16 
---------
 t
(1 row)

-- int by int fail
SELECT misc_16('7');
 misc_16 
---------
 f
(1 row)

-- ignores non-numbers
SELECT misc_16('"foo"');
 misc_16 
---------
 t
(1 row)

-- by number
-- zero is multiple of anything
SELECT misc_17('0');
 misc_17 
---------
 t
(1 row)

-- 4.5 is multiple of 1.5
SELECT misc_17('4.5');
 misc_17 
---------
 t
(1 row)

-- 35 is not multiple of 1.5
SELECT misc_17('35');
 misc_17 
---------
 f
(1 row)

-- by small number
-- 0.0075 is multiple of 0.0001
SELECT multiple_of_1('0.0075');
 multiple_of_1 
---------------
 t
(1 row)

-- 0.00751 is not multiple of 0.0001
SELECT multiple_of_1('0.00751');
 multiple_of_1 
---------------
 f
(1 row)

-- float division = inf
-- always invalid, but naive implementations may raise an overflow error
SELECT multiple_of_2('1e+308');
 multiple_of_2 
---------------
 f
(1 row)

-- small multiple of large integer
-- any integer is a multiple of 1e-8
SELECT multiple_of_3('12391239123');
 multiple_of_3 
---------------
 t
(1 row)

