-- root pointer ref
-- match
SELECT ref_1('{"foo":false}');
 ref_1 
-------
 t
(1 row)

-- recursive match
SELECT ref_1('{"foo":{"foo":false}}');
 ref_1 
-------
 t
(1 row)

-- mismatch
SELECT ref_1('{"bar":false}');
 ref_1 
-------
 f
(1 row)

-- recursive mismatch
SELECT ref_1('{"foo":{"bar":false}}');
 ref_1 
-------
 f
(1 row)

-- relative pointer ref to object
-- match
SELECT ref_2('{"bar":3}');
 ref_2 
-------
 t
(1 row)

-- mismatch
SELECT ref_2('{"bar":true}');
 ref_2 
-------
 f
(1 row)

-- relative pointer ref to array
-- match array
SELECT ref_3('[1,2]');
 ref_3 
-------
 t
(1 row)

-- mismatch array
SELECT ref_3('[1,"foo"]');
 ref_3 
-------
 f
(1 row)

-- nested refs
-- nested ref valid
SELECT ref_4('5');
 ref_4 
-------
 t
(1 row)

-- nested ref invalid
SELECT ref_4('"a"');
 ref_4 
-------
 f
(1 row)

-- ref overrides any sibling keywords
-- ref valid
SELECT ref_5('{"foo":[]}');
 ref_5 
-------
 t
(1 row)

-- ref valid, maxItems ignored
SELECT ref_5('{"foo":[1,2,3]}');
 ref_5 
-------
 t
(1 row)

-- ref invalid
SELECT ref_5('{"foo":"string"}');
 ref_5 
-------
 f
(1 row)

-- $ref prevents a sibling $id from changing the base uri
-- property named $ref that is not a reference
-- property named $ref valid
SELECT ref_6('{"$ref":"a"}');
 ref_6 
-------
 t
(1 row)

-- property named $ref invalid
SELECT ref_6('{"$ref":2}');
 ref_6 
-------
 f
(1 row)

-- property named $ref, containing an actual $ref
-- property named $ref valid
SELECT ref_7('{"$ref":"a"}');
 ref_7 
-------
 t
(1 row)

-- property named $ref invalid
SELECT ref_7('{"$ref":2}');
 ref_7 
-------
 f
(1 row)

-- $ref to boolean schema true
-- any value is valid
SELECT ref_v7_1('"foo"');
 ref_v7_1 
----------
 t
(1 row)

-- $ref to boolean schema false
-- any value is invalid
SELECT ref_v7_2('"foo"');
 ref_v7_2 
----------
 f
(1 row)

-- naive replacement of $ref with its destination is not correct
-- do not evaluate the $ref inside the enum, matching any string
SELECT ref_8('"this is a string"');
 ref_8 
-------
 f
(1 row)

-- do not evaluate the $ref inside the enum, definition exact match
SELECT ref_8('{"type":"string"}');
 ref_8 
-------
 f
(1 row)

-- match the enum exactly
SELECT ref_8('{"$ref":"#/definitions/a_string"}');
 ref_8 
-------
 t
(1 row)

-- simple URN base URI with JSON pointer
-- a string is valid
SELECT ref_v7_3('{"foo":"bar"}');
 ref_v7_3 
----------
 t
(1 row)

-- a non-string is invalid
SELECT ref_v7_3('{"foo":12}');
 ref_v7_3 
----------
 f
(1 row)

-- URN base URI with NSS
-- a string is valid
SELECT ref_v7_4('{"foo":"bar"}');
 ref_v7_4 
----------
 t
(1 row)

-- a non-string is invalid
SELECT ref_v7_4('{"foo":12}');
 ref_v7_4 
----------
 f
(1 row)

-- URN base URI with r-component
-- a string is valid
SELECT ref_v7_5('{"foo":"bar"}');
 ref_v7_5 
----------
 t
(1 row)

-- a non-string is invalid
SELECT ref_v7_5('{"foo":12}');
 ref_v7_5 
----------
 f
(1 row)

-- URN base URI with q-component
-- a string is valid
SELECT ref_v7_6('{"foo":"bar"}');
 ref_v7_6 
----------
 t
(1 row)

-- a non-string is invalid
SELECT ref_v7_6('{"foo":12}');
 ref_v7_6 
----------
 f
(1 row)

-- $id with file URI still resolves pointers - *nix
-- number is valid
SELECT ref_v7_7('1');
 ref_v7_7 
----------
 t
(1 row)

-- non-number is invalid
SELECT ref_v7_7('"a"');
 ref_v7_7 
----------
 f
(1 row)

-- $id with file URI still resolves pointers - windows
-- number is valid
SELECT ref_v7_8('1');
 ref_v7_8 
----------
 t
(1 row)

-- non-number is invalid
SELECT ref_v7_8('"a"');
 ref_v7_8 
----------
 f
(1 row)

-- empty tokens in $ref json-pointer
-- number is valid
SELECT ref_11('1');
 ref_11 
--------
 t
(1 row)

-- non-number is invalid
SELECT ref_11('"a"');
 ref_11 
--------
 f
(1 row)

