-- integer type matches integers
-- an integer is an integer
SELECT misc_5('1');
 misc_5 
--------
 t
(1 row)

-- a float is not an integer
SELECT misc_5('1.1');
 misc_5 
--------
 f
(1 row)

-- a string is not an integer
SELECT misc_5('"foo"');
 misc_5 
--------
 f
(1 row)

-- a string is still not an integer, even if it looks like one
SELECT misc_5('"1"');
 misc_5 
--------
 f
(1 row)

-- an object is not an integer
SELECT misc_5('{}');
 misc_5 
--------
 f
(1 row)

-- an array is not an integer
SELECT misc_5('[]');
 misc_5 
--------
 f
(1 row)

-- a boolean is not an integer
SELECT misc_5('true');
 misc_5 
--------
 f
(1 row)

-- null is not an integer
SELECT misc_5('null');
 misc_5 
--------
 f
(1 row)

-- number type matches numbers
-- an integer is a number
SELECT misc_4('1');
 misc_4 
--------
 t
(1 row)

-- a float with zero fractional part is a number
SELECT misc_4('1');
 misc_4 
--------
 t
(1 row)

-- a float is a number
SELECT misc_4('1.1');
 misc_4 
--------
 t
(1 row)

-- a string is not a number
SELECT misc_4('"foo"');
 misc_4 
--------
 f
(1 row)

-- a string is still not a number, even if it looks like one
SELECT misc_4('"1"');
 misc_4 
--------
 f
(1 row)

-- an object is not a number
SELECT misc_4('{}');
 misc_4 
--------
 f
(1 row)

-- an array is not a number
SELECT misc_4('[]');
 misc_4 
--------
 f
(1 row)

-- a boolean is not a number
SELECT misc_4('true');
 misc_4 
--------
 f
(1 row)

-- null is not a number
SELECT misc_4('null');
 misc_4 
--------
 f
(1 row)

-- string type matches strings
-- 1 is not a string
SELECT type_1('1');
 type_1 
--------
 f
(1 row)

-- a float is not a string
SELECT type_1('1.1');
 type_1 
--------
 f
(1 row)

-- a string is a string
SELECT type_1('"foo"');
 type_1 
--------
 t
(1 row)

-- a string is still a string, even if it looks like a number
SELECT type_1('"1"');
 type_1 
--------
 t
(1 row)

-- an empty string is still a string
SELECT type_1('""');
 type_1 
--------
 t
(1 row)

-- an object is not a string
SELECT type_1('{}');
 type_1 
--------
 f
(1 row)

-- an array is not a string
SELECT type_1('[]');
 type_1 
--------
 f
(1 row)

-- a boolean is not a string
SELECT type_1('true');
 type_1 
--------
 f
(1 row)

-- null is not a string
SELECT type_1('null');
 type_1 
--------
 f
(1 row)

-- object type matches objects
-- an integer is not an object
SELECT misc_3('1');
 misc_3 
--------
 f
(1 row)

-- a float is not an object
SELECT misc_3('1.1');
 misc_3 
--------
 f
(1 row)

-- a string is not an object
SELECT misc_3('"foo"');
 misc_3 
--------
 f
(1 row)

-- an object is an object
SELECT misc_3('{}');
 misc_3 
--------
 t
(1 row)

-- an array is not an object
SELECT misc_3('[]');
 misc_3 
--------
 f
(1 row)

-- a boolean is not an object
SELECT misc_3('true');
 misc_3 
--------
 f
(1 row)

-- null is not an object
SELECT misc_3('null');
 misc_3 
--------
 f
(1 row)

-- array type matches arrays
-- an integer is not an array
SELECT type_2('1');
 type_2 
--------
 f
(1 row)

-- a float is not an array
SELECT type_2('1.1');
 type_2 
--------
 f
(1 row)

-- a string is not an array
SELECT type_2('"foo"');
 type_2 
--------
 f
(1 row)

-- an object is not an array
SELECT type_2('{}');
 type_2 
--------
 f
(1 row)

-- an array is an array
SELECT type_2('[]');
 type_2 
--------
 t
(1 row)

-- a boolean is not an array
SELECT type_2('true');
 type_2 
--------
 f
(1 row)

-- null is not an array
SELECT type_2('null');
 type_2 
--------
 f
(1 row)

-- boolean type matches booleans
-- an integer is not a boolean
SELECT type_3('1');
 type_3 
--------
 f
(1 row)

-- zero is not a boolean
SELECT type_3('0');
 type_3 
--------
 f
(1 row)

-- a float is not a boolean
SELECT type_3('1.1');
 type_3 
--------
 f
(1 row)

-- a string is not a boolean
SELECT type_3('"foo"');
 type_3 
--------
 f
(1 row)

-- an empty string is not a boolean
SELECT type_3('""');
 type_3 
--------
 f
(1 row)

-- an object is not a boolean
SELECT type_3('{}');
 type_3 
--------
 f
(1 row)

-- an array is not a boolean
SELECT type_3('[]');
 type_3 
--------
 f
(1 row)

-- true is a boolean
SELECT type_3('true');
 type_3 
--------
 t
(1 row)

-- false is a boolean
SELECT type_3('false');
 type_3 
--------
 t
(1 row)

-- null is not a boolean
SELECT type_3('null');
 type_3 
--------
 f
(1 row)

-- null type matches only the null object
-- an integer is not null
SELECT type_4('1');
 type_4 
--------
 f
(1 row)

-- a float is not null
SELECT type_4('1.1');
 type_4 
--------
 f
(1 row)

-- zero is not null
SELECT type_4('0');
 type_4 
--------
 f
(1 row)

-- a string is not null
SELECT type_4('"foo"');
 type_4 
--------
 f
(1 row)

-- an empty string is not null
SELECT type_4('""');
 type_4 
--------
 f
(1 row)

-- an object is not null
SELECT type_4('{}');
 type_4 
--------
 f
(1 row)

-- an array is not null
SELECT type_4('[]');
 type_4 
--------
 f
(1 row)

-- true is not null
SELECT type_4('true');
 type_4 
--------
 f
(1 row)

-- false is not null
SELECT type_4('false');
 type_4 
--------
 f
(1 row)

-- null is null
SELECT type_4('null');
 type_4 
--------
 t
(1 row)

-- multiple types can be specified in an array
-- an integer is valid
SELECT type_5('1');
 type_5 
--------
 t
(1 row)

-- a string is valid
SELECT type_5('"foo"');
 type_5 
--------
 t
(1 row)

-- a float is invalid
SELECT type_5('1.1');
 type_5 
--------
 f
(1 row)

-- an object is invalid
SELECT type_5('{}');
 type_5 
--------
 f
(1 row)

-- an array is invalid
SELECT type_5('[]');
 type_5 
--------
 f
(1 row)

-- a boolean is invalid
SELECT type_5('true');
 type_5 
--------
 f
(1 row)

-- null is invalid
SELECT type_5('null');
 type_5 
--------
 f
(1 row)

-- type as array with one item
-- string is valid
SELECT type_6('"foo"');
 type_6 
--------
 t
(1 row)

-- number is invalid
SELECT type_6('123');
 type_6 
--------
 f
(1 row)

-- type: array or object
-- array is valid
SELECT type_7('[1,2,3]');
 type_7 
--------
 t
(1 row)

-- object is valid
SELECT type_7('{"foo":123}');
 type_7 
--------
 t
(1 row)

-- number is invalid
SELECT type_7('123');
 type_7 
--------
 f
(1 row)

-- string is invalid
SELECT type_7('"foo"');
 type_7 
--------
 f
(1 row)

-- null is invalid
SELECT type_7('null');
 type_7 
--------
 f
(1 row)

-- type: array, object or null
-- array is valid
SELECT type_8('[1,2,3]');
 type_8 
--------
 t
(1 row)

-- object is valid
SELECT type_8('{"foo":123}');
 type_8 
--------
 t
(1 row)

-- null is valid
SELECT type_8('null');
 type_8 
--------
 t
(1 row)

-- number is invalid
SELECT type_8('123');
 type_8 
--------
 f
(1 row)

-- string is invalid
SELECT type_8('"foo"');
 type_8 
--------
 f
(1 row)

